Arguments: 
  /Users/zachflanders/.nvm/versions/node/v10.15.3/bin/node /usr/local/Cellar/yarn/1.3.2/libexec/bin/yarn.js dev

PATH: 
  /Users/zachflanders/.nvm/versions/node/v10.15.3/bin:/Users/zachflanders/.rbenv/shims:/Users/zachflanders/.rbenv/shims:/usr/local/bin:/usr/bin:/bin:/usr/sbin:/sbin:/usr/local/MacGPG2/bin:/opt/X11/bin

Yarn version: 
  1.3.2

Node version: 
  10.15.3

Platform: 
  darwin x64

npm manifest: 
  {
    "name": "mysidewalk-interview-reviews",
    "version": "1.0.0",
    "description": "Solution to mySidewalk interview question",
    "scripts": {
      "client": "cd client && yarn start",
      "server": "cd server && nodemon server.js",
      "dev": "concurrently --kill-others-on-fail \"yarn server\" \"yarn client\"",
    },
    "author": "Zach Flanders",
    "license": "ISC"
  }

yarn manifest: 
  No manifest

Lockfile: 
  No lockfile

Trace: 
  SyntaxError: /Users/zachflanders/Documents/code/mysidewalk-interview-reviews/package.json: Unexpected token } in JSON at position 315
      at JSON.parse (<anonymous>)
      at /usr/local/Cellar/yarn/1.3.2/libexec/lib/cli.js:770:59
      at Generator.next (<anonymous>)
      at step (/usr/local/Cellar/yarn/1.3.2/libexec/lib/cli.js:92:30)
      at /usr/local/Cellar/yarn/1.3.2/libexec/lib/cli.js:103:13
